# JRE version: OpenJDK Runtime Environment (8.0_242-b01) (build 1.8.0_242-release-1644-b01)
# Java VM: OpenJDK 64-Bit Server VM (25.242-b01 mixed mode windows-amd64 compressed oops)
Heap:
 PSYoungGen      total 280064K, used 253196K [0x00000000d5580000, 0x00000000e9480000, 0x0000000100000000)
  eden space 243712K, 94% used [0x00000000d5580000,0x00000000e35fc400,0x00000000e4380000)
  from space 36352K, 64% used [0x00000000e7100000,0x00000000e87c6c58,0x00000000e9480000)
  to   space 41472K, 0% used [0x00000000e4380000,0x00000000e4380000,0x00000000e6c00000)
 ParOldGen       total 163840K, used 72824K [0x0000000080000000, 0x000000008a000000, 0x00000000d5580000)
  object space 163840K, 44% used [0x0000000080000000,0x000000008471e260,0x000000008a000000)
 Metaspace       used 111179K, capacity 117564K, committed 117808K, reserved 1150976K
  class space    used 14321K, capacity 15504K, committed 15664K, reserved 1048576K
GC Heap History (10 events):
Event: 3128.993 GC heap before
{Heap before GC invocations=28 (full 4):
 PSYoungGen      total 227328K, used 206500K [0x00000000d5580000, 0x00000000e6980000, 0x0000000100000000)
  eden space 193536K, 100% used [0x00000000d5580000,0x00000000e1280000,0x00000000e1280000)
  from space 33792K, 38% used [0x00000000e1280000,0x00000000e1f29178,0x00000000e3380000)
  to   space 32768K, 0% used [0x00000000e4980000,0x00000000e4980000,0x00000000e6980000)
 ParOldGen       total 163840K, used 49526K [0x0000000080000000, 0x000000008a000000, 0x00000000d5580000)
  object space 163840K, 30% used [0x0000000080000000,0x000000008305da68,0x000000008a000000)
 Metaspace       used 108007K, capacity 113510K, committed 113712K, reserved 1148928K
  class space    used 13950K, capacity 14961K, committed 15152K, reserved 1048576K
Event: 3129.032 GC heap after
Heap after GC invocations=28 (full 4):
 PSYoungGen      total 239104K, used 32754K [0x00000000d5580000, 0x00000000e8700000, 0x0000000100000000)
  eden space 206336K, 0% used [0x00000000d5580000,0x00000000d5580000,0x00000000e1f00000)
  from space 32768K, 99% used [0x00000000e4980000,0x00000000e697ca10,0x00000000e6980000)
  to   space 43520K, 0% used [0x00000000e1f00000,0x00000000e1f00000,0x00000000e4980000)
 ParOldGen       total 163840K, used 66751K [0x0000000080000000, 0x000000008a000000, 0x00000000d5580000)
  object space 163840K, 40% used [0x0000000080000000,0x000000008412fc98,0x000000008a000000)
 Metaspace       used 108007K, capacity 113510K, committed 113712K, reserved 1148928K
  class space    used 13950K, capacity 14961K, committed 15152K, reserved 1048576K
}
Event: 3276.881 GC heap before
{Heap before GC invocations=29 (full 4):
 PSYoungGen      total 239104K, used 239090K [0x00000000d5580000, 0x00000000e8700000, 0x0000000100000000)
  eden space 206336K, 100% used [0x00000000d5580000,0x00000000e1f00000,0x00000000e1f00000)
  from space 32768K, 99% used [0x00000000e4980000,0x00000000e697ca10,0x00000000e6980000)
  to   space 43520K, 0% used [0x00000000e1f00000,0x00000000e1f00000,0x00000000e4980000)
 ParOldGen       total 163840K, used 66751K [0x0000000080000000, 0x000000008a000000, 0x00000000d5580000)
  object space 163840K, 40% used [0x0000000080000000,0x000000008412fc98,0x000000008a000000)
 Metaspace       used 109767K, capacity 115494K, committed 115760K, reserved 1148928K
  class space    used 14201K, capacity 15262K, committed 15408K, reserved 1048576K
Event: 3276.923 GC heap after
Heap after GC invocations=29 (full 4):
 PSYoungGen      total 249856K, used 22203K [0x00000000d5580000, 0x00000000e8700000, 0x0000000100000000)
  eden space 206336K, 0% used [0x00000000d5580000,0x00000000d5580000,0x00000000e1f00000)
  from space 43520K, 51% used [0x00000000e1f00000,0x00000000e34aee90,0x00000000e4980000)
  to   space 42496K, 0% used [0x00000000e5d80000,0x00000000e5d80000,0x00000000e8700000)
 ParOldGen       total 163840K, used 72808K [0x0000000080000000, 0x000000008a000000, 0x00000000d5580000)
  object space 163840K, 44% used [0x0000000080000000,0x000000008471a260,0x000000008a000000)
 Metaspace       used 109767K, capacity 115494K, committed 115760K, reserved 1148928K
  class space    used 14201K, capacity 15262K, committed 15408K, reserved 1048576K
}
Event: 3279.389 GC heap before
{Heap before GC invocations=30 (full 4):
 PSYoungGen      total 249856K, used 228539K [0x00000000d5580000, 0x00000000e8700000, 0x0000000100000000)
  eden space 206336K, 100% used [0x00000000d5580000,0x00000000e1f00000,0x00000000e1f00000)
  from space 43520K, 51% used [0x00000000e1f00000,0x00000000e34aee90,0x00000000e4980000)
  to   space 42496K, 0% used [0x00000000e5d80000,0x00000000e5d80000,0x00000000e8700000)
 ParOldGen       total 163840K, used 72808K [0x0000000080000000, 0x000000008a000000, 0x00000000d5580000)
  object space 163840K, 44% used [0x0000000080000000,0x000000008471a260,0x000000008a000000)
 Metaspace       used 110138K, capacity 116022K, committed 116400K, reserved 1150976K
  class space    used 14240K, capacity 15361K, committed 15536K, reserved 1048576K
Event: 3279.410 GC heap after
Heap after GC invocations=30 (full 4):
 PSYoungGen      total 268288K, used 23211K [0x00000000d5580000, 0x00000000e8500000, 0x0000000100000000)
  eden space 227840K, 0% used [0x00000000d5580000,0x00000000d5580000,0x00000000e3400000)
  from space 40448K, 57% used [0x00000000e5d80000,0x00000000e742afd0,0x00000000e8500000)
  to   space 41472K, 0% used [0x00000000e3400000,0x00000000e3400000,0x00000000e5c80000)
 ParOldGen       total 163840K, used 72816K [0x0000000080000000, 0x000000008a000000, 0x00000000d5580000)
  object space 163840K, 44% used [0x0000000080000000,0x000000008471c260,0x000000008a000000)
 Metaspace       used 110138K, capacity 116022K, committed 116400K, reserved 1150976K
  class space    used 14240K, capacity 15361K, committed 15536K, reserved 1048576K
}
Event: 3361.867 GC heap before
{Heap before GC invocations=31 (full 4):
 PSYoungGen      total 268288K, used 251051K [0x00000000d5580000, 0x00000000e8500000, 0x0000000100000000)
  eden space 227840K, 100% used [0x00000000d5580000,0x00000000e3400000,0x00000000e3400000)
  from space 40448K, 57% used [0x00000000e5d80000,0x00000000e742afd0,0x00000000e8500000)
  to   space 41472K, 0% used [0x00000000e3400000,0x00000000e3400000,0x00000000e5c80000)
 ParOldGen       total 163840K, used 72816K [0x0000000080000000, 0x000000008a000000, 0x00000000d5580000)
  object space 163840K, 44% used [0x0000000080000000,0x000000008471c260,0x000000008a000000)
 Metaspace       used 110460K, capacity 116370K, committed 116656K, reserved 1150976K
  class space    used 14249K, capacity 15373K, committed 15536K, reserved 1048576K
Event: 3361.894 GC heap after
Heap after GC invocations=31 (full 4):
 PSYoungGen      total 269312K, used 29719K [0x00000000d5580000, 0x00000000e9b00000, 0x0000000100000000)
  eden space 227840K, 0% used [0x00000000d5580000,0x00000000d5580000,0x00000000e3400000)
  from space 41472K, 71% used [0x00000000e3400000,0x00000000e5105f80,0x00000000e5c80000)
  to   space 43008K, 0% used [0x00000000e7100000,0x00000000e7100000,0x00000000e9b00000)
 ParOldGen       total 163840K, used 72824K [0x0000000080000000, 0x000000008a000000, 0x00000000d5580000)
  object space 163840K, 44% used [0x0000000080000000,0x000000008471e260,0x000000008a000000)
 Metaspace       used 110460K, capacity 116370K, committed 116656K, reserved 1150976K
  class space    used 14249K, capacity 15373K, committed 15536K, reserved 1048576K
}
Event: 3531.443 GC heap before
{Heap before GC invocations=32 (full 4):
 PSYoungGen      total 269312K, used 257559K [0x00000000d5580000, 0x00000000e9b00000, 0x0000000100000000)
  eden space 227840K, 100% used [0x00000000d5580000,0x00000000e3400000,0x00000000e3400000)
  from space 41472K, 71% used [0x00000000e3400000,0x00000000e5105f80,0x00000000e5c80000)
  to   space 43008K, 0% used [0x00000000e7100000,0x00000000e7100000,0x00000000e9b00000)
 ParOldGen       total 163840K, used 72824K [0x0000000080000000, 0x000000008a000000, 0x00000000d5580000)
  object space 163840K, 44% used [0x0000000080000000,0x000000008471e260,0x000000008a000000)
 Metaspace       used 110861K, capacity 117098K, committed 117424K, reserved 1150976K
  class space    used 14292K, capacity 15451K, committed 15536K, reserved 1048576K
Event: 3531.470 GC heap after
Heap after GC invocations=32 (full 4):
 PSYoungGen      total 280064K, used 23323K [0x00000000d5580000, 0x00000000e9480000, 0x0000000100000000)
  eden space 243712K, 0% used [0x00000000d5580000,0x00000000d5580000,0x00000000e4380000)
  from space 36352K, 64% used [0x00000000e7100000,0x00000000e87c6c58,0x00000000e9480000)
  to   space 41472K, 0% used [0x00000000e4380000,0x00000000e4380000,0x00000000e6c00000)
 ParOldGen       total 163840K, used 72824K [0x0000000080000000, 0x000000008a000000, 0x00000000d5580000)
  object space 163840K, 44% used [0x0000000080000000,0x000000008471e260,0x000000008a000000)
 Metaspace       used 110861K, capacity 117098K, committed 117424K, reserved 1150976K
  class space    used 14292K, capacity 15451K, committed 15536K, reserved 1048576K
}

